2014/08/16 04:36:02 [error] [exception.CException] exception 'CException' with message 'CActiveForm y sus behaviors no tienen un método o closure llamado "isAttributeRequired".' in C:\xampp\htdocs\argos_yii\framework\base\CComponent.php:265
Stack trace:
#0 C:\xampp\htdocs\argos_yii\framework\web\helpers\CHtml.php(1237): CComponent->__call('isAttributeRequ...', Array)
#1 C:\xampp\htdocs\argos_yii\framework\web\helpers\CHtml.php(1237): CActiveForm->isAttributeRequired('curso')
#2 C:\xampp\htdocs\argos_yii\framework\web\widgets\CActiveForm.php(562): CHtml::activeLabelEx(Object(CActiveForm), 'curso', Array)
#3 C:\xampp\htdocs\argos_yii\protected\views\evaluacion\_form.php(27): CActiveForm->labelEx(Object(CActiveForm), 'curso')
#4 C:\xampp\htdocs\argos_yii\framework\web\CBaseController.php(126): require('C:\xampp\htdocs...')
#5 C:\xampp\htdocs\argos_yii\framework\web\CBaseController.php(95): CBaseController->renderInternal('C:\xampp\htdocs...', Array, true)
#6 C:\xampp\htdocs\argos_yii\framework\web\CController.php(869): CBaseController->renderFile('C:\xampp\htdocs...', Array, true)
#7 C:\xampp\htdocs\argos_yii\protected\views\evaluacion\create.php(18): CController->renderPartial('_form', Array)
#8 C:\xampp\htdocs\argos_yii\framework\web\CBaseController.php(126): require('C:\xampp\htdocs...')
#9 C:\xampp\htdocs\argos_yii\framework\web\CBaseController.php(95): CBaseController->renderInternal('C:\xampp\htdocs...', Array, true)
#10 C:\xampp\htdocs\argos_yii\framework\web\CController.php(869): CBaseController->renderFile('C:\xampp\htdocs...', Array, true)
#11 C:\xampp\htdocs\argos_yii\framework\web\CController.php(782): CController->renderPartial('create', Array, true)
#12 C:\xampp\htdocs\argos_yii\protected\controllers\EvaluacionController.php(82): CController->render('create', Array)
#13 C:\xampp\htdocs\argos_yii\framework\web\actions\CInlineAction.php(49): EvaluacionController->actionCreate()
#14 C:\xampp\htdocs\argos_yii\framework\web\CController.php(308): CInlineAction->runWithParams(Array)
#15 C:\xampp\htdocs\argos_yii\framework\web\filters\CFilterChain.php(133): CController->runAction(Object(CInlineAction))
#16 C:\xampp\htdocs\argos_yii\framework\web\filters\CFilter.php(40): CFilterChain->run()
#17 C:\xampp\htdocs\argos_yii\framework\web\CController.php(1145): CFilter->filter(Object(CFilterChain))
#18 C:\xampp\htdocs\argos_yii\framework\web\filters\CInlineFilter.php(58): CController->filterAccessControl(Object(CFilterChain))
#19 C:\xampp\htdocs\argos_yii\framework\web\filters\CFilterChain.php(130): CInlineFilter->filter(Object(CFilterChain))
#20 C:\xampp\htdocs\argos_yii\framework\web\CController.php(291): CFilterChain->run()
#21 C:\xampp\htdocs\argos_yii\framework\web\CController.php(265): CController->runActionWithFilters(Object(CInlineAction), Array)
#22 C:\xampp\htdocs\argos_yii\framework\web\CWebApplication.php(282): CController->run('create')
#23 C:\xampp\htdocs\argos_yii\framework\web\CWebApplication.php(141): CWebApplication->runController('evaluacion/crea...')
#24 C:\xampp\htdocs\argos_yii\framework\base\CApplication.php(169): CWebApplication->processRequest()
#25 C:\xampp\htdocs\argos_yii\index.php(13): CApplication->run()
#26 {main}
REQUEST_URI=/argos_yii/evaluacion/create
---
2014/08/16 04:37:13 [error] [php] Undefined variable: test (C:\xampp\htdocs\argos_yii\protected\views\evaluacion\_form.php:27)
Stack trace:
#0 C:\xampp\htdocs\argos_yii\framework\web\CController.php(869): EvaluacionController->renderFile()
#1 C:\xampp\htdocs\argos_yii\protected\views\evaluacion\create.php(18): EvaluacionController->renderPartial()
#2 C:\xampp\htdocs\argos_yii\framework\web\CBaseController.php(126): require()
#3 C:\xampp\htdocs\argos_yii\framework\web\CBaseController.php(95): EvaluacionController->renderInternal()
#4 C:\xampp\htdocs\argos_yii\framework\web\CController.php(869): EvaluacionController->renderFile()
#5 C:\xampp\htdocs\argos_yii\framework\web\CController.php(782): EvaluacionController->renderPartial()
#6 C:\xampp\htdocs\argos_yii\protected\controllers\EvaluacionController.php(82): EvaluacionController->render()
#7 C:\xampp\htdocs\argos_yii\framework\web\actions\CInlineAction.php(49): EvaluacionController->actionCreate()
#8 C:\xampp\htdocs\argos_yii\framework\web\CController.php(308): CInlineAction->runWithParams()
#9 C:\xampp\htdocs\argos_yii\framework\web\filters\CFilterChain.php(133): EvaluacionController->runAction()
#10 C:\xampp\htdocs\argos_yii\framework\web\filters\CFilter.php(40): CFilterChain->run()
#11 C:\xampp\htdocs\argos_yii\framework\web\CController.php(1145): CAccessControlFilter->filter()
#12 C:\xampp\htdocs\argos_yii\framework\web\filters\CInlineFilter.php(58): EvaluacionController->filterAccessControl()
#13 C:\xampp\htdocs\argos_yii\framework\web\filters\CFilterChain.php(130): CInlineFilter->filter()
#14 C:\xampp\htdocs\argos_yii\framework\web\CController.php(291): CFilterChain->run()
#15 C:\xampp\htdocs\argos_yii\framework\web\CController.php(265): EvaluacionController->runActionWithFilters()
#16 C:\xampp\htdocs\argos_yii\framework\web\CWebApplication.php(282): EvaluacionController->run()
#17 C:\xampp\htdocs\argos_yii\framework\web\CWebApplication.php(141): CWebApplication->runController()
#18 C:\xampp\htdocs\argos_yii\framework\base\CApplication.php(169): CWebApplication->processRequest()
#19 C:\xampp\htdocs\argos_yii\index.php(13): CWebApplication->run()
REQUEST_URI=/argos_yii/evaluacion/create
in C:\xampp\htdocs\argos_yii\protected\views\evaluacion\_form.php (27)
in C:\xampp\htdocs\argos_yii\protected\views\evaluacion\create.php (18)
in C:\xampp\htdocs\argos_yii\protected\controllers\EvaluacionController.php (82)
2014/08/16 04:39:54 [error] [php] Undefined variable: test (C:\xampp\htdocs\argos_yii\protected\views\evaluacion\_form.php:27)
Stack trace:
#0 C:\xampp\htdocs\argos_yii\framework\web\CController.php(869): EvaluacionController->renderFile()
#1 C:\xampp\htdocs\argos_yii\protected\views\evaluacion\create.php(18): EvaluacionController->renderPartial()
#2 C:\xampp\htdocs\argos_yii\framework\web\CBaseController.php(126): require()
#3 C:\xampp\htdocs\argos_yii\framework\web\CBaseController.php(95): EvaluacionController->renderInternal()
#4 C:\xampp\htdocs\argos_yii\framework\web\CController.php(869): EvaluacionController->renderFile()
#5 C:\xampp\htdocs\argos_yii\framework\web\CController.php(782): EvaluacionController->renderPartial()
#6 C:\xampp\htdocs\argos_yii\protected\controllers\EvaluacionController.php(82): EvaluacionController->render()
#7 C:\xampp\htdocs\argos_yii\framework\web\actions\CInlineAction.php(49): EvaluacionController->actionCreate()
#8 C:\xampp\htdocs\argos_yii\framework\web\CController.php(308): CInlineAction->runWithParams()
#9 C:\xampp\htdocs\argos_yii\framework\web\filters\CFilterChain.php(133): EvaluacionController->runAction()
#10 C:\xampp\htdocs\argos_yii\framework\web\filters\CFilter.php(40): CFilterChain->run()
#11 C:\xampp\htdocs\argos_yii\framework\web\CController.php(1145): CAccessControlFilter->filter()
#12 C:\xampp\htdocs\argos_yii\framework\web\filters\CInlineFilter.php(58): EvaluacionController->filterAccessControl()
#13 C:\xampp\htdocs\argos_yii\framework\web\filters\CFilterChain.php(130): CInlineFilter->filter()
#14 C:\xampp\htdocs\argos_yii\framework\web\CController.php(291): CFilterChain->run()
#15 C:\xampp\htdocs\argos_yii\framework\web\CController.php(265): EvaluacionController->runActionWithFilters()
#16 C:\xampp\htdocs\argos_yii\framework\web\CWebApplication.php(282): EvaluacionController->run()
#17 C:\xampp\htdocs\argos_yii\framework\web\CWebApplication.php(141): CWebApplication->runController()
#18 C:\xampp\htdocs\argos_yii\framework\base\CApplication.php(169): CWebApplication->processRequest()
#19 C:\xampp\htdocs\argos_yii\index.php(13): CWebApplication->run()
REQUEST_URI=/argos_yii/evaluacion/create
in C:\xampp\htdocs\argos_yii\protected\views\evaluacion\_form.php (27)
in C:\xampp\htdocs\argos_yii\protected\views\evaluacion\create.php (18)
in C:\xampp\htdocs\argos_yii\protected\controllers\EvaluacionController.php (82)
2014/08/16 04:40:22 [error] [exception.CException] exception 'CException' with message 'Propiedad "Evaluacion"."id_curso" no se encuentra definida.' in C:\xampp\htdocs\argos_yii\framework\base\CComponent.php:130
Stack trace:
#0 C:\xampp\htdocs\argos_yii\framework\db\ar\CActiveRecord.php(143): CComponent->__get('id_curso')
#1 C:\xampp\htdocs\argos_yii\framework\web\helpers\CHtml.php(2255): CActiveRecord->__get('id_curso')
#2 C:\xampp\htdocs\argos_yii\framework\web\helpers\CHtml.php(1565): CHtml::resolveValue(Object(Evaluacion), 'id_curso')
#3 C:\xampp\htdocs\argos_yii\framework\web\widgets\CActiveForm.php(763): CHtml::activeDropDownList(Object(Evaluacion), 'id_curso', Array, Array)
#4 C:\xampp\htdocs\argos_yii\protected\views\evaluacion\_form.php(36): CActiveForm->dropDownList(Object(Evaluacion), 'id_curso', Array, Array)
#5 C:\xampp\htdocs\argos_yii\framework\web\CBaseController.php(126): require('C:\xampp\htdocs...')
#6 C:\xampp\htdocs\argos_yii\framework\web\CBaseController.php(95): CBaseController->renderInternal('C:\xampp\htdocs...', Array, true)
#7 C:\xampp\htdocs\argos_yii\framework\web\CController.php(869): CBaseController->renderFile('C:\xampp\htdocs...', Array, true)
#8 C:\xampp\htdocs\argos_yii\protected\views\evaluacion\create.php(18): CController->renderPartial('_form', Array)
#9 C:\xampp\htdocs\argos_yii\framework\web\CBaseController.php(126): require('C:\xampp\htdocs...')
#10 C:\xampp\htdocs\argos_yii\framework\web\CBaseController.php(95): CBaseController->renderInternal('C:\xampp\htdocs...', Array, true)
#11 C:\xampp\htdocs\argos_yii\framework\web\CController.php(869): CBaseController->renderFile('C:\xampp\htdocs...', Array, true)
#12 C:\xampp\htdocs\argos_yii\framework\web\CController.php(782): CController->renderPartial('create', Array, true)
#13 C:\xampp\htdocs\argos_yii\protected\controllers\EvaluacionController.php(82): CController->render('create', Array)
#14 C:\xampp\htdocs\argos_yii\framework\web\actions\CInlineAction.php(49): EvaluacionController->actionCreate()
#15 C:\xampp\htdocs\argos_yii\framework\web\CController.php(308): CInlineAction->runWithParams(Array)
#16 C:\xampp\htdocs\argos_yii\framework\web\filters\CFilterChain.php(133): CController->runAction(Object(CInlineAction))
#17 C:\xampp\htdocs\argos_yii\framework\web\filters\CFilter.php(40): CFilterChain->run()
#18 C:\xampp\htdocs\argos_yii\framework\web\CController.php(1145): CFilter->filter(Object(CFilterChain))
#19 C:\xampp\htdocs\argos_yii\framework\web\filters\CInlineFilter.php(58): CController->filterAccessControl(Object(CFilterChain))
#20 C:\xampp\htdocs\argos_yii\framework\web\filters\CFilterChain.php(130): CInlineFilter->filter(Object(CFilterChain))
#21 C:\xampp\htdocs\argos_yii\framework\web\CController.php(291): CFilterChain->run()
#22 C:\xampp\htdocs\argos_yii\framework\web\CController.php(265): CController->runActionWithFilters(Object(CInlineAction), Array)
#23 C:\xampp\htdocs\argos_yii\framework\web\CWebApplication.php(282): CController->run('create')
#24 C:\xampp\htdocs\argos_yii\framework\web\CWebApplication.php(141): CWebApplication->runController('evaluacion/crea...')
#25 C:\xampp\htdocs\argos_yii\framework\base\CApplication.php(169): CWebApplication->processRequest()
#26 C:\xampp\htdocs\argos_yii\index.php(13): CApplication->run()
#27 {main}
REQUEST_URI=/argos_yii/evaluacion/create
---
2014/08/16 04:43:51 [error] [exception.CException] exception 'CException' with message 'Propiedad "Evaluacion"."id_curso" no se encuentra definida.' in C:\xampp\htdocs\argos_yii\framework\base\CComponent.php:130
Stack trace:
#0 C:\xampp\htdocs\argos_yii\framework\db\ar\CActiveRecord.php(143): CComponent->__get('id_curso')
#1 C:\xampp\htdocs\argos_yii\framework\web\helpers\CHtml.php(2255): CActiveRecord->__get('id_curso')
#2 C:\xampp\htdocs\argos_yii\framework\web\helpers\CHtml.php(1565): CHtml::resolveValue(Object(Evaluacion), 'id_curso')
#3 C:\xampp\htdocs\argos_yii\framework\web\widgets\CActiveForm.php(763): CHtml::activeDropDownList(Object(Evaluacion), 'id_curso', Array, Array)
#4 C:\xampp\htdocs\argos_yii\protected\views\evaluacion\_form.php(36): CActiveForm->dropDownList(Object(Evaluacion), 'id_curso', Array, Array)
#5 C:\xampp\htdocs\argos_yii\framework\web\CBaseController.php(126): require('C:\xampp\htdocs...')
#6 C:\xampp\htdocs\argos_yii\framework\web\CBaseController.php(95): CBaseController->renderInternal('C:\xampp\htdocs...', Array, true)
#7 C:\xampp\htdocs\argos_yii\framework\web\CController.php(869): CBaseController->renderFile('C:\xampp\htdocs...', Array, true)
#8 C:\xampp\htdocs\argos_yii\protected\views\evaluacion\create.php(18): CController->renderPartial('_form', Array)
#9 C:\xampp\htdocs\argos_yii\framework\web\CBaseController.php(126): require('C:\xampp\htdocs...')
#10 C:\xampp\htdocs\argos_yii\framework\web\CBaseController.php(95): CBaseController->renderInternal('C:\xampp\htdocs...', Array, true)
#11 C:\xampp\htdocs\argos_yii\framework\web\CController.php(869): CBaseController->renderFile('C:\xampp\htdocs...', Array, true)
#12 C:\xampp\htdocs\argos_yii\framework\web\CController.php(782): CController->renderPartial('create', Array, true)
#13 C:\xampp\htdocs\argos_yii\protected\controllers\EvaluacionController.php(82): CController->render('create', Array)
#14 C:\xampp\htdocs\argos_yii\framework\web\actions\CInlineAction.php(49): EvaluacionController->actionCreate()
#15 C:\xampp\htdocs\argos_yii\framework\web\CController.php(308): CInlineAction->runWithParams(Array)
#16 C:\xampp\htdocs\argos_yii\framework\web\filters\CFilterChain.php(133): CController->runAction(Object(CInlineAction))
#17 C:\xampp\htdocs\argos_yii\framework\web\filters\CFilter.php(40): CFilterChain->run()
#18 C:\xampp\htdocs\argos_yii\framework\web\CController.php(1145): CFilter->filter(Object(CFilterChain))
#19 C:\xampp\htdocs\argos_yii\framework\web\filters\CInlineFilter.php(58): CController->filterAccessControl(Object(CFilterChain))
#20 C:\xampp\htdocs\argos_yii\framework\web\filters\CFilterChain.php(130): CInlineFilter->filter(Object(CFilterChain))
#21 C:\xampp\htdocs\argos_yii\framework\web\CController.php(291): CFilterChain->run()
#22 C:\xampp\htdocs\argos_yii\framework\web\CController.php(265): CController->runActionWithFilters(Object(CInlineAction), Array)
#23 C:\xampp\htdocs\argos_yii\framework\web\CWebApplication.php(282): CController->run('create')
#24 C:\xampp\htdocs\argos_yii\framework\web\CWebApplication.php(141): CWebApplication->runController('evaluacion/crea...')
#25 C:\xampp\htdocs\argos_yii\framework\base\CApplication.php(169): CWebApplication->processRequest()
#26 C:\xampp\htdocs\argos_yii\index.php(13): CApplication->run()
#27 {main}
REQUEST_URI=/argos_yii/evaluacion/create
---
2014/08/16 04:44:17 [error] [exception.CException] exception 'CException' with message 'Propiedad "Evaluacion"."id_curso" no se encuentra definida.' in C:\xampp\htdocs\argos_yii\framework\base\CComponent.php:130
Stack trace:
#0 C:\xampp\htdocs\argos_yii\framework\db\ar\CActiveRecord.php(143): CComponent->__get('id_curso')
#1 C:\xampp\htdocs\argos_yii\framework\web\helpers\CHtml.php(2255): CActiveRecord->__get('id_curso')
#2 C:\xampp\htdocs\argos_yii\framework\web\helpers\CHtml.php(1565): CHtml::resolveValue(Object(Evaluacion), 'id_curso')
#3 C:\xampp\htdocs\argos_yii\framework\web\widgets\CActiveForm.php(763): CHtml::activeDropDownList(Object(Evaluacion), 'id_curso', Array, Array)
#4 C:\xampp\htdocs\argos_yii\protected\views\evaluacion\_form.php(36): CActiveForm->dropDownList(Object(Evaluacion), 'id_curso', Array, Array)
#5 C:\xampp\htdocs\argos_yii\framework\web\CBaseController.php(126): require('C:\xampp\htdocs...')
#6 C:\xampp\htdocs\argos_yii\framework\web\CBaseController.php(95): CBaseController->renderInternal('C:\xampp\htdocs...', Array, true)
#7 C:\xampp\htdocs\argos_yii\framework\web\CController.php(869): CBaseController->renderFile('C:\xampp\htdocs...', Array, true)
#8 C:\xampp\htdocs\argos_yii\protected\views\evaluacion\create.php(18): CController->renderPartial('_form', Array)
#9 C:\xampp\htdocs\argos_yii\framework\web\CBaseController.php(126): require('C:\xampp\htdocs...')
#10 C:\xampp\htdocs\argos_yii\framework\web\CBaseController.php(95): CBaseController->renderInternal('C:\xampp\htdocs...', Array, true)
#11 C:\xampp\htdocs\argos_yii\framework\web\CController.php(869): CBaseController->renderFile('C:\xampp\htdocs...', Array, true)
#12 C:\xampp\htdocs\argos_yii\framework\web\CController.php(782): CController->renderPartial('create', Array, true)
#13 C:\xampp\htdocs\argos_yii\protected\controllers\EvaluacionController.php(82): CController->render('create', Array)
#14 C:\xampp\htdocs\argos_yii\framework\web\actions\CInlineAction.php(49): EvaluacionController->actionCreate()
#15 C:\xampp\htdocs\argos_yii\framework\web\CController.php(308): CInlineAction->runWithParams(Array)
#16 C:\xampp\htdocs\argos_yii\framework\web\filters\CFilterChain.php(133): CController->runAction(Object(CInlineAction))
#17 C:\xampp\htdocs\argos_yii\framework\web\filters\CFilter.php(40): CFilterChain->run()
#18 C:\xampp\htdocs\argos_yii\framework\web\CController.php(1145): CFilter->filter(Object(CFilterChain))
#19 C:\xampp\htdocs\argos_yii\framework\web\filters\CInlineFilter.php(58): CController->filterAccessControl(Object(CFilterChain))
#20 C:\xampp\htdocs\argos_yii\framework\web\filters\CFilterChain.php(130): CInlineFilter->filter(Object(CFilterChain))
#21 C:\xampp\htdocs\argos_yii\framework\web\CController.php(291): CFilterChain->run()
#22 C:\xampp\htdocs\argos_yii\framework\web\CController.php(265): CController->runActionWithFilters(Object(CInlineAction), Array)
#23 C:\xampp\htdocs\argos_yii\framework\web\CWebApplication.php(282): CController->run('create')
#24 C:\xampp\htdocs\argos_yii\framework\web\CWebApplication.php(141): CWebApplication->runController('evaluacion/crea...')
#25 C:\xampp\htdocs\argos_yii\framework\base\CApplication.php(169): CWebApplication->processRequest()
#26 C:\xampp\htdocs\argos_yii\index.php(13): CApplication->run()
#27 {main}
REQUEST_URI=/argos_yii/evaluacion/create
---
2014/08/16 04:45:45 [error] [exception.CException] exception 'CException' with message 'Propiedad "Evaluacion"."id_curso" no se encuentra definida.' in C:\xampp\htdocs\argos_yii\framework\base\CComponent.php:130
Stack trace:
#0 C:\xampp\htdocs\argos_yii\framework\db\ar\CActiveRecord.php(143): CComponent->__get('id_curso')
#1 C:\xampp\htdocs\argos_yii\framework\web\helpers\CHtml.php(2255): CActiveRecord->__get('id_curso')
#2 C:\xampp\htdocs\argos_yii\framework\web\helpers\CHtml.php(1565): CHtml::resolveValue(Object(Evaluacion), 'id_curso')
#3 C:\xampp\htdocs\argos_yii\framework\web\widgets\CActiveForm.php(763): CHtml::activeDropDownList(Object(Evaluacion), 'id_curso', Array, Array)
#4 C:\xampp\htdocs\argos_yii\protected\views\evaluacion\_form.php(36): CActiveForm->dropDownList(Object(Evaluacion), 'id_curso', Array, Array)
#5 C:\xampp\htdocs\argos_yii\framework\web\CBaseController.php(126): require('C:\xampp\htdocs...')
#6 C:\xampp\htdocs\argos_yii\framework\web\CBaseController.php(95): CBaseController->renderInternal('C:\xampp\htdocs...', Array, true)
#7 C:\xampp\htdocs\argos_yii\framework\web\CController.php(869): CBaseController->renderFile('C:\xampp\htdocs...', Array, true)
#8 C:\xampp\htdocs\argos_yii\protected\views\evaluacion\create.php(18): CController->renderPartial('_form', Array)
#9 C:\xampp\htdocs\argos_yii\framework\web\CBaseController.php(126): require('C:\xampp\htdocs...')
#10 C:\xampp\htdocs\argos_yii\framework\web\CBaseController.php(95): CBaseController->renderInternal('C:\xampp\htdocs...', Array, true)
#11 C:\xampp\htdocs\argos_yii\framework\web\CController.php(869): CBaseController->renderFile('C:\xampp\htdocs...', Array, true)
#12 C:\xampp\htdocs\argos_yii\framework\web\CController.php(782): CController->renderPartial('create', Array, true)
#13 C:\xampp\htdocs\argos_yii\protected\controllers\EvaluacionController.php(82): CController->render('create', Array)
#14 C:\xampp\htdocs\argos_yii\framework\web\actions\CInlineAction.php(49): EvaluacionController->actionCreate()
#15 C:\xampp\htdocs\argos_yii\framework\web\CController.php(308): CInlineAction->runWithParams(Array)
#16 C:\xampp\htdocs\argos_yii\framework\web\filters\CFilterChain.php(133): CController->runAction(Object(CInlineAction))
#17 C:\xampp\htdocs\argos_yii\framework\web\filters\CFilter.php(40): CFilterChain->run()
#18 C:\xampp\htdocs\argos_yii\framework\web\CController.php(1145): CFilter->filter(Object(CFilterChain))
#19 C:\xampp\htdocs\argos_yii\framework\web\filters\CInlineFilter.php(58): CController->filterAccessControl(Object(CFilterChain))
#20 C:\xampp\htdocs\argos_yii\framework\web\filters\CFilterChain.php(130): CInlineFilter->filter(Object(CFilterChain))
#21 C:\xampp\htdocs\argos_yii\framework\web\CController.php(291): CFilterChain->run()
#22 C:\xampp\htdocs\argos_yii\framework\web\CController.php(265): CController->runActionWithFilters(Object(CInlineAction), Array)
#23 C:\xampp\htdocs\argos_yii\framework\web\CWebApplication.php(282): CController->run('create')
#24 C:\xampp\htdocs\argos_yii\framework\web\CWebApplication.php(141): CWebApplication->runController('evaluacion/crea...')
#25 C:\xampp\htdocs\argos_yii\framework\base\CApplication.php(169): CWebApplication->processRequest()
#26 C:\xampp\htdocs\argos_yii\index.php(13): CApplication->run()
#27 {main}
REQUEST_URI=/argos_yii/evaluacion/create
---
2014/08/16 04:45:46 [error] [exception.CException] exception 'CException' with message 'Propiedad "Evaluacion"."id_curso" no se encuentra definida.' in C:\xampp\htdocs\argos_yii\framework\base\CComponent.php:130
Stack trace:
#0 C:\xampp\htdocs\argos_yii\framework\db\ar\CActiveRecord.php(143): CComponent->__get('id_curso')
#1 C:\xampp\htdocs\argos_yii\framework\web\helpers\CHtml.php(2255): CActiveRecord->__get('id_curso')
#2 C:\xampp\htdocs\argos_yii\framework\web\helpers\CHtml.php(1565): CHtml::resolveValue(Object(Evaluacion), 'id_curso')
#3 C:\xampp\htdocs\argos_yii\framework\web\widgets\CActiveForm.php(763): CHtml::activeDropDownList(Object(Evaluacion), 'id_curso', Array, Array)
#4 C:\xampp\htdocs\argos_yii\protected\views\evaluacion\_form.php(36): CActiveForm->dropDownList(Object(Evaluacion), 'id_curso', Array, Array)
#5 C:\xampp\htdocs\argos_yii\framework\web\CBaseController.php(126): require('C:\xampp\htdocs...')
#6 C:\xampp\htdocs\argos_yii\framework\web\CBaseController.php(95): CBaseController->renderInternal('C:\xampp\htdocs...', Array, true)
#7 C:\xampp\htdocs\argos_yii\framework\web\CController.php(869): CBaseController->renderFile('C:\xampp\htdocs...', Array, true)
#8 C:\xampp\htdocs\argos_yii\protected\views\evaluacion\create.php(18): CController->renderPartial('_form', Array)
#9 C:\xampp\htdocs\argos_yii\framework\web\CBaseController.php(126): require('C:\xampp\htdocs...')
#10 C:\xampp\htdocs\argos_yii\framework\web\CBaseController.php(95): CBaseController->renderInternal('C:\xampp\htdocs...', Array, true)
#11 C:\xampp\htdocs\argos_yii\framework\web\CController.php(869): CBaseController->renderFile('C:\xampp\htdocs...', Array, true)
#12 C:\xampp\htdocs\argos_yii\framework\web\CController.php(782): CController->renderPartial('create', Array, true)
#13 C:\xampp\htdocs\argos_yii\protected\controllers\EvaluacionController.php(82): CController->render('create', Array)
#14 C:\xampp\htdocs\argos_yii\framework\web\actions\CInlineAction.php(49): EvaluacionController->actionCreate()
#15 C:\xampp\htdocs\argos_yii\framework\web\CController.php(308): CInlineAction->runWithParams(Array)
#16 C:\xampp\htdocs\argos_yii\framework\web\filters\CFilterChain.php(133): CController->runAction(Object(CInlineAction))
#17 C:\xampp\htdocs\argos_yii\framework\web\filters\CFilter.php(40): CFilterChain->run()
#18 C:\xampp\htdocs\argos_yii\framework\web\CController.php(1145): CFilter->filter(Object(CFilterChain))
#19 C:\xampp\htdocs\argos_yii\framework\web\filters\CInlineFilter.php(58): CController->filterAccessControl(Object(CFilterChain))
#20 C:\xampp\htdocs\argos_yii\framework\web\filters\CFilterChain.php(130): CInlineFilter->filter(Object(CFilterChain))
#21 C:\xampp\htdocs\argos_yii\framework\web\CController.php(291): CFilterChain->run()
#22 C:\xampp\htdocs\argos_yii\framework\web\CController.php(265): CController->runActionWithFilters(Object(CInlineAction), Array)
#23 C:\xampp\htdocs\argos_yii\framework\web\CWebApplication.php(282): CController->run('create')
#24 C:\xampp\htdocs\argos_yii\framework\web\CWebApplication.php(141): CWebApplication->runController('evaluacion/crea...')
#25 C:\xampp\htdocs\argos_yii\framework\base\CApplication.php(169): CWebApplication->processRequest()
#26 C:\xampp\htdocs\argos_yii\index.php(13): CApplication->run()
#27 {main}
REQUEST_URI=/argos_yii/evaluacion/create
---
2014/08/16 04:45:47 [error] [exception.CException] exception 'CException' with message 'Propiedad "Evaluacion"."id_curso" no se encuentra definida.' in C:\xampp\htdocs\argos_yii\framework\base\CComponent.php:130
Stack trace:
#0 C:\xampp\htdocs\argos_yii\framework\db\ar\CActiveRecord.php(143): CComponent->__get('id_curso')
#1 C:\xampp\htdocs\argos_yii\framework\web\helpers\CHtml.php(2255): CActiveRecord->__get('id_curso')
#2 C:\xampp\htdocs\argos_yii\framework\web\helpers\CHtml.php(1565): CHtml::resolveValue(Object(Evaluacion), 'id_curso')
#3 C:\xampp\htdocs\argos_yii\framework\web\widgets\CActiveForm.php(763): CHtml::activeDropDownList(Object(Evaluacion), 'id_curso', Array, Array)
#4 C:\xampp\htdocs\argos_yii\protected\views\evaluacion\_form.php(36): CActiveForm->dropDownList(Object(Evaluacion), 'id_curso', Array, Array)
#5 C:\xampp\htdocs\argos_yii\framework\web\CBaseController.php(126): require('C:\xampp\htdocs...')
#6 C:\xampp\htdocs\argos_yii\framework\web\CBaseController.php(95): CBaseController->renderInternal('C:\xampp\htdocs...', Array, true)
#7 C:\xampp\htdocs\argos_yii\framework\web\CController.php(869): CBaseController->renderFile('C:\xampp\htdocs...', Array, true)
#8 C:\xampp\htdocs\argos_yii\protected\views\evaluacion\create.php(18): CController->renderPartial('_form', Array)
#9 C:\xampp\htdocs\argos_yii\framework\web\CBaseController.php(126): require('C:\xampp\htdocs...')
#10 C:\xampp\htdocs\argos_yii\framework\web\CBaseController.php(95): CBaseController->renderInternal('C:\xampp\htdocs...', Array, true)
#11 C:\xampp\htdocs\argos_yii\framework\web\CController.php(869): CBaseController->renderFile('C:\xampp\htdocs...', Array, true)
#12 C:\xampp\htdocs\argos_yii\framework\web\CController.php(782): CController->renderPartial('create', Array, true)
#13 C:\xampp\htdocs\argos_yii\protected\controllers\EvaluacionController.php(82): CController->render('create', Array)
#14 C:\xampp\htdocs\argos_yii\framework\web\actions\CInlineAction.php(49): EvaluacionController->actionCreate()
#15 C:\xampp\htdocs\argos_yii\framework\web\CController.php(308): CInlineAction->runWithParams(Array)
#16 C:\xampp\htdocs\argos_yii\framework\web\filters\CFilterChain.php(133): CController->runAction(Object(CInlineAction))
#17 C:\xampp\htdocs\argos_yii\framework\web\filters\CFilter.php(40): CFilterChain->run()
#18 C:\xampp\htdocs\argos_yii\framework\web\CController.php(1145): CFilter->filter(Object(CFilterChain))
#19 C:\xampp\htdocs\argos_yii\framework\web\filters\CInlineFilter.php(58): CController->filterAccessControl(Object(CFilterChain))
#20 C:\xampp\htdocs\argos_yii\framework\web\filters\CFilterChain.php(130): CInlineFilter->filter(Object(CFilterChain))
#21 C:\xampp\htdocs\argos_yii\framework\web\CController.php(291): CFilterChain->run()
#22 C:\xampp\htdocs\argos_yii\framework\web\CController.php(265): CController->runActionWithFilters(Object(CInlineAction), Array)
#23 C:\xampp\htdocs\argos_yii\framework\web\CWebApplication.php(282): CController->run('create')
#24 C:\xampp\htdocs\argos_yii\framework\web\CWebApplication.php(141): CWebApplication->runController('evaluacion/crea...')
#25 C:\xampp\htdocs\argos_yii\framework\base\CApplication.php(169): CWebApplication->processRequest()
#26 C:\xampp\htdocs\argos_yii\index.php(13): CApplication->run()
#27 {main}
REQUEST_URI=/argos_yii/evaluacion/create
---
2014/08/16 04:45:47 [error] [exception.CException] exception 'CException' with message 'Propiedad "Evaluacion"."id_curso" no se encuentra definida.' in C:\xampp\htdocs\argos_yii\framework\base\CComponent.php:130
Stack trace:
#0 C:\xampp\htdocs\argos_yii\framework\db\ar\CActiveRecord.php(143): CComponent->__get('id_curso')
#1 C:\xampp\htdocs\argos_yii\framework\web\helpers\CHtml.php(2255): CActiveRecord->__get('id_curso')
#2 C:\xampp\htdocs\argos_yii\framework\web\helpers\CHtml.php(1565): CHtml::resolveValue(Object(Evaluacion), 'id_curso')
#3 C:\xampp\htdocs\argos_yii\framework\web\widgets\CActiveForm.php(763): CHtml::activeDropDownList(Object(Evaluacion), 'id_curso', Array, Array)
#4 C:\xampp\htdocs\argos_yii\protected\views\evaluacion\_form.php(36): CActiveForm->dropDownList(Object(Evaluacion), 'id_curso', Array, Array)
#5 C:\xampp\htdocs\argos_yii\framework\web\CBaseController.php(126): require('C:\xampp\htdocs...')
#6 C:\xampp\htdocs\argos_yii\framework\web\CBaseController.php(95): CBaseController->renderInternal('C:\xampp\htdocs...', Array, true)
#7 C:\xampp\htdocs\argos_yii\framework\web\CController.php(869): CBaseController->renderFile('C:\xampp\htdocs...', Array, true)
#8 C:\xampp\htdocs\argos_yii\protected\views\evaluacion\create.php(18): CController->renderPartial('_form', Array)
#9 C:\xampp\htdocs\argos_yii\framework\web\CBaseController.php(126): require('C:\xampp\htdocs...')
#10 C:\xampp\htdocs\argos_yii\framework\web\CBaseController.php(95): CBaseController->renderInternal('C:\xampp\htdocs...', Array, true)
#11 C:\xampp\htdocs\argos_yii\framework\web\CController.php(869): CBaseController->renderFile('C:\xampp\htdocs...', Array, true)
#12 C:\xampp\htdocs\argos_yii\framework\web\CController.php(782): CController->renderPartial('create', Array, true)
#13 C:\xampp\htdocs\argos_yii\protected\controllers\EvaluacionController.php(82): CController->render('create', Array)
#14 C:\xampp\htdocs\argos_yii\framework\web\actions\CInlineAction.php(49): EvaluacionController->actionCreate()
#15 C:\xampp\htdocs\argos_yii\framework\web\CController.php(308): CInlineAction->runWithParams(Array)
#16 C:\xampp\htdocs\argos_yii\framework\web\filters\CFilterChain.php(133): CController->runAction(Object(CInlineAction))
#17 C:\xampp\htdocs\argos_yii\framework\web\filters\CFilter.php(40): CFilterChain->run()
#18 C:\xampp\htdocs\argos_yii\framework\web\CController.php(1145): CFilter->filter(Object(CFilterChain))
#19 C:\xampp\htdocs\argos_yii\framework\web\filters\CInlineFilter.php(58): CController->filterAccessControl(Object(CFilterChain))
#20 C:\xampp\htdocs\argos_yii\framework\web\filters\CFilterChain.php(130): CInlineFilter->filter(Object(CFilterChain))
#21 C:\xampp\htdocs\argos_yii\framework\web\CController.php(291): CFilterChain->run()
#22 C:\xampp\htdocs\argos_yii\framework\web\CController.php(265): CController->runActionWithFilters(Object(CInlineAction), Array)
#23 C:\xampp\htdocs\argos_yii\framework\web\CWebApplication.php(282): CController->run('create')
#24 C:\xampp\htdocs\argos_yii\framework\web\CWebApplication.php(141): CWebApplication->runController('evaluacion/crea...')
#25 C:\xampp\htdocs\argos_yii\framework\base\CApplication.php(169): CWebApplication->processRequest()
#26 C:\xampp\htdocs\argos_yii\index.php(13): CApplication->run()
#27 {main}
REQUEST_URI=/argos_yii/evaluacion/create
---
2014/08/16 04:45:47 [error] [exception.CException] exception 'CException' with message 'Propiedad "Evaluacion"."id_curso" no se encuentra definida.' in C:\xampp\htdocs\argos_yii\framework\base\CComponent.php:130
Stack trace:
#0 C:\xampp\htdocs\argos_yii\framework\db\ar\CActiveRecord.php(143): CComponent->__get('id_curso')
#1 C:\xampp\htdocs\argos_yii\framework\web\helpers\CHtml.php(2255): CActiveRecord->__get('id_curso')
#2 C:\xampp\htdocs\argos_yii\framework\web\helpers\CHtml.php(1565): CHtml::resolveValue(Object(Evaluacion), 'id_curso')
#3 C:\xampp\htdocs\argos_yii\framework\web\widgets\CActiveForm.php(763): CHtml::activeDropDownList(Object(Evaluacion), 'id_curso', Array, Array)
#4 C:\xampp\htdocs\argos_yii\protected\views\evaluacion\_form.php(36): CActiveForm->dropDownList(Object(Evaluacion), 'id_curso', Array, Array)
#5 C:\xampp\htdocs\argos_yii\framework\web\CBaseController.php(126): require('C:\xampp\htdocs...')
#6 C:\xampp\htdocs\argos_yii\framework\web\CBaseController.php(95): CBaseController->renderInternal('C:\xampp\htdocs...', Array, true)
#7 C:\xampp\htdocs\argos_yii\framework\web\CController.php(869): CBaseController->renderFile('C:\xampp\htdocs...', Array, true)
#8 C:\xampp\htdocs\argos_yii\protected\views\evaluacion\create.php(18): CController->renderPartial('_form', Array)
#9 C:\xampp\htdocs\argos_yii\framework\web\CBaseController.php(126): require('C:\xampp\htdocs...')
#10 C:\xampp\htdocs\argos_yii\framework\web\CBaseController.php(95): CBaseController->renderInternal('C:\xampp\htdocs...', Array, true)
#11 C:\xampp\htdocs\argos_yii\framework\web\CController.php(869): CBaseController->renderFile('C:\xampp\htdocs...', Array, true)
#12 C:\xampp\htdocs\argos_yii\framework\web\CController.php(782): CController->renderPartial('create', Array, true)
#13 C:\xampp\htdocs\argos_yii\protected\controllers\EvaluacionController.php(82): CController->render('create', Array)
#14 C:\xampp\htdocs\argos_yii\framework\web\actions\CInlineAction.php(49): EvaluacionController->actionCreate()
#15 C:\xampp\htdocs\argos_yii\framework\web\CController.php(308): CInlineAction->runWithParams(Array)
#16 C:\xampp\htdocs\argos_yii\framework\web\filters\CFilterChain.php(133): CController->runAction(Object(CInlineAction))
#17 C:\xampp\htdocs\argos_yii\framework\web\filters\CFilter.php(40): CFilterChain->run()
#18 C:\xampp\htdocs\argos_yii\framework\web\CController.php(1145): CFilter->filter(Object(CFilterChain))
#19 C:\xampp\htdocs\argos_yii\framework\web\filters\CInlineFilter.php(58): CController->filterAccessControl(Object(CFilterChain))
#20 C:\xampp\htdocs\argos_yii\framework\web\filters\CFilterChain.php(130): CInlineFilter->filter(Object(CFilterChain))
#21 C:\xampp\htdocs\argos_yii\framework\web\CController.php(291): CFilterChain->run()
#22 C:\xampp\htdocs\argos_yii\framework\web\CController.php(265): CController->runActionWithFilters(Object(CInlineAction), Array)
#23 C:\xampp\htdocs\argos_yii\framework\web\CWebApplication.php(282): CController->run('create')
#24 C:\xampp\htdocs\argos_yii\framework\web\CWebApplication.php(141): CWebApplication->runController('evaluacion/crea...')
#25 C:\xampp\htdocs\argos_yii\framework\base\CApplication.php(169): CWebApplication->processRequest()
#26 C:\xampp\htdocs\argos_yii\index.php(13): CApplication->run()
#27 {main}
REQUEST_URI=/argos_yii/evaluacion/create
---
2014/08/16 04:45:48 [error] [exception.CException] exception 'CException' with message 'Propiedad "Evaluacion"."id_curso" no se encuentra definida.' in C:\xampp\htdocs\argos_yii\framework\base\CComponent.php:130
Stack trace:
#0 C:\xampp\htdocs\argos_yii\framework\db\ar\CActiveRecord.php(143): CComponent->__get('id_curso')
#1 C:\xampp\htdocs\argos_yii\framework\web\helpers\CHtml.php(2255): CActiveRecord->__get('id_curso')
#2 C:\xampp\htdocs\argos_yii\framework\web\helpers\CHtml.php(1565): CHtml::resolveValue(Object(Evaluacion), 'id_curso')
#3 C:\xampp\htdocs\argos_yii\framework\web\widgets\CActiveForm.php(763): CHtml::activeDropDownList(Object(Evaluacion), 'id_curso', Array, Array)
#4 C:\xampp\htdocs\argos_yii\protected\views\evaluacion\_form.php(36): CActiveForm->dropDownList(Object(Evaluacion), 'id_curso', Array, Array)
#5 C:\xampp\htdocs\argos_yii\framework\web\CBaseController.php(126): require('C:\xampp\htdocs...')
#6 C:\xampp\htdocs\argos_yii\framework\web\CBaseController.php(95): CBaseController->renderInternal('C:\xampp\htdocs...', Array, true)
#7 C:\xampp\htdocs\argos_yii\framework\web\CController.php(869): CBaseController->renderFile('C:\xampp\htdocs...', Array, true)
#8 C:\xampp\htdocs\argos_yii\protected\views\evaluacion\create.php(18): CController->renderPartial('_form', Array)
#9 C:\xampp\htdocs\argos_yii\framework\web\CBaseController.php(126): require('C:\xampp\htdocs...')
#10 C:\xampp\htdocs\argos_yii\framework\web\CBaseController.php(95): CBaseController->renderInternal('C:\xampp\htdocs...', Array, true)
#11 C:\xampp\htdocs\argos_yii\framework\web\CController.php(869): CBaseController->renderFile('C:\xampp\htdocs...', Array, true)
#12 C:\xampp\htdocs\argos_yii\framework\web\CController.php(782): CController->renderPartial('create', Array, true)
#13 C:\xampp\htdocs\argos_yii\protected\controllers\EvaluacionController.php(82): CController->render('create', Array)
#14 C:\xampp\htdocs\argos_yii\framework\web\actions\CInlineAction.php(49): EvaluacionController->actionCreate()
#15 C:\xampp\htdocs\argos_yii\framework\web\CController.php(308): CInlineAction->runWithParams(Array)
#16 C:\xampp\htdocs\argos_yii\framework\web\filters\CFilterChain.php(133): CController->runAction(Object(CInlineAction))
#17 C:\xampp\htdocs\argos_yii\framework\web\filters\CFilter.php(40): CFilterChain->run()
#18 C:\xampp\htdocs\argos_yii\framework\web\CController.php(1145): CFilter->filter(Object(CFilterChain))
#19 C:\xampp\htdocs\argos_yii\framework\web\filters\CInlineFilter.php(58): CController->filterAccessControl(Object(CFilterChain))
#20 C:\xampp\htdocs\argos_yii\framework\web\filters\CFilterChain.php(130): CInlineFilter->filter(Object(CFilterChain))
#21 C:\xampp\htdocs\argos_yii\framework\web\CController.php(291): CFilterChain->run()
#22 C:\xampp\htdocs\argos_yii\framework\web\CController.php(265): CController->runActionWithFilters(Object(CInlineAction), Array)
#23 C:\xampp\htdocs\argos_yii\framework\web\CWebApplication.php(282): CController->run('create')
#24 C:\xampp\htdocs\argos_yii\framework\web\CWebApplication.php(141): CWebApplication->runController('evaluacion/crea...')
#25 C:\xampp\htdocs\argos_yii\framework\base\CApplication.php(169): CWebApplication->processRequest()
#26 C:\xampp\htdocs\argos_yii\index.php(13): CApplication->run()
#27 {main}
REQUEST_URI=/argos_yii/evaluacion/create
---
2014/08/16 04:48:48 [error] [exception.CException] exception 'CException' with message 'Propiedad "Evaluacion"."id_curso" no se encuentra definida.' in C:\xampp\htdocs\argos_yii\framework\base\CComponent.php:130
Stack trace:
#0 C:\xampp\htdocs\argos_yii\framework\db\ar\CActiveRecord.php(143): CComponent->__get('id_curso')
#1 C:\xampp\htdocs\argos_yii\framework\web\helpers\CHtml.php(2255): CActiveRecord->__get('id_curso')
#2 C:\xampp\htdocs\argos_yii\framework\web\helpers\CHtml.php(1565): CHtml::resolveValue(Object(Evaluacion), 'id_curso')
#3 C:\xampp\htdocs\argos_yii\framework\web\widgets\CActiveForm.php(763): CHtml::activeDropDownList(Object(Evaluacion), 'id_curso', Array, Array)
#4 C:\xampp\htdocs\argos_yii\protected\views\evaluacion\_form.php(38): CActiveForm->dropDownList(Object(Evaluacion), 'id_curso', Array, Array)
#5 C:\xampp\htdocs\argos_yii\framework\web\CBaseController.php(126): require('C:\xampp\htdocs...')
#6 C:\xampp\htdocs\argos_yii\framework\web\CBaseController.php(95): CBaseController->renderInternal('C:\xampp\htdocs...', Array, true)
#7 C:\xampp\htdocs\argos_yii\framework\web\CController.php(869): CBaseController->renderFile('C:\xampp\htdocs...', Array, true)
#8 C:\xampp\htdocs\argos_yii\protected\views\evaluacion\create.php(18): CController->renderPartial('_form', Array)
#9 C:\xampp\htdocs\argos_yii\framework\web\CBaseController.php(126): require('C:\xampp\htdocs...')
#10 C:\xampp\htdocs\argos_yii\framework\web\CBaseController.php(95): CBaseController->renderInternal('C:\xampp\htdocs...', Array, true)
#11 C:\xampp\htdocs\argos_yii\framework\web\CController.php(869): CBaseController->renderFile('C:\xampp\htdocs...', Array, true)
#12 C:\xampp\htdocs\argos_yii\framework\web\CController.php(782): CController->renderPartial('create', Array, true)
#13 C:\xampp\htdocs\argos_yii\protected\controllers\EvaluacionController.php(82): CController->render('create', Array)
#14 C:\xampp\htdocs\argos_yii\framework\web\actions\CInlineAction.php(49): EvaluacionController->actionCreate()
#15 C:\xampp\htdocs\argos_yii\framework\web\CController.php(308): CInlineAction->runWithParams(Array)
#16 C:\xampp\htdocs\argos_yii\framework\web\filters\CFilterChain.php(133): CController->runAction(Object(CInlineAction))
#17 C:\xampp\htdocs\argos_yii\framework\web\filters\CFilter.php(40): CFilterChain->run()
#18 C:\xampp\htdocs\argos_yii\framework\web\CController.php(1145): CFilter->filter(Object(CFilterChain))
#19 C:\xampp\htdocs\argos_yii\framework\web\filters\CInlineFilter.php(58): CController->filterAccessControl(Object(CFilterChain))
#20 C:\xampp\htdocs\argos_yii\framework\web\filters\CFilterChain.php(130): CInlineFilter->filter(Object(CFilterChain))
#21 C:\xampp\htdocs\argos_yii\framework\web\CController.php(291): CFilterChain->run()
#22 C:\xampp\htdocs\argos_yii\framework\web\CController.php(265): CController->runActionWithFilters(Object(CInlineAction), Array)
#23 C:\xampp\htdocs\argos_yii\framework\web\CWebApplication.php(282): CController->run('create')
#24 C:\xampp\htdocs\argos_yii\framework\web\CWebApplication.php(141): CWebApplication->runController('evaluacion/crea...')
#25 C:\xampp\htdocs\argos_yii\framework\base\CApplication.php(169): CWebApplication->processRequest()
#26 C:\xampp\htdocs\argos_yii\index.php(13): CApplication->run()
#27 {main}
REQUEST_URI=/argos_yii/evaluacion/create
---
2014/08/16 04:49:13 [error] [php] Undefined variable: test (C:\xampp\htdocs\argos_yii\protected\views\evaluacion\_form.php:30)
Stack trace:
#0 C:\xampp\htdocs\argos_yii\framework\web\CController.php(869): EvaluacionController->renderFile()
#1 C:\xampp\htdocs\argos_yii\protected\views\evaluacion\create.php(18): EvaluacionController->renderPartial()
#2 C:\xampp\htdocs\argos_yii\framework\web\CBaseController.php(126): require()
#3 C:\xampp\htdocs\argos_yii\framework\web\CBaseController.php(95): EvaluacionController->renderInternal()
#4 C:\xampp\htdocs\argos_yii\framework\web\CController.php(869): EvaluacionController->renderFile()
#5 C:\xampp\htdocs\argos_yii\framework\web\CController.php(782): EvaluacionController->renderPartial()
#6 C:\xampp\htdocs\argos_yii\protected\controllers\EvaluacionController.php(82): EvaluacionController->render()
#7 C:\xampp\htdocs\argos_yii\framework\web\actions\CInlineAction.php(49): EvaluacionController->actionCreate()
#8 C:\xampp\htdocs\argos_yii\framework\web\CController.php(308): CInlineAction->runWithParams()
#9 C:\xampp\htdocs\argos_yii\framework\web\filters\CFilterChain.php(133): EvaluacionController->runAction()
#10 C:\xampp\htdocs\argos_yii\framework\web\filters\CFilter.php(40): CFilterChain->run()
#11 C:\xampp\htdocs\argos_yii\framework\web\CController.php(1145): CAccessControlFilter->filter()
#12 C:\xampp\htdocs\argos_yii\framework\web\filters\CInlineFilter.php(58): EvaluacionController->filterAccessControl()
#13 C:\xampp\htdocs\argos_yii\framework\web\filters\CFilterChain.php(130): CInlineFilter->filter()
#14 C:\xampp\htdocs\argos_yii\framework\web\CController.php(291): CFilterChain->run()
#15 C:\xampp\htdocs\argos_yii\framework\web\CController.php(265): EvaluacionController->runActionWithFilters()
#16 C:\xampp\htdocs\argos_yii\framework\web\CWebApplication.php(282): EvaluacionController->run()
#17 C:\xampp\htdocs\argos_yii\framework\web\CWebApplication.php(141): CWebApplication->runController()
#18 C:\xampp\htdocs\argos_yii\framework\base\CApplication.php(169): CWebApplication->processRequest()
#19 C:\xampp\htdocs\argos_yii\index.php(13): CWebApplication->run()
REQUEST_URI=/argos_yii/evaluacion/create
in C:\xampp\htdocs\argos_yii\protected\views\evaluacion\_form.php (30)
in C:\xampp\htdocs\argos_yii\protected\views\evaluacion\create.php (18)
in C:\xampp\htdocs\argos_yii\protected\controllers\EvaluacionController.php (82)
2014/08/16 04:49:22 [error] [php] get_class() expects parameter 1 to be object, integer given (C:\xampp\htdocs\argos_yii\framework\web\helpers\CHtml.php:2220)
Stack trace:
#0 C:\xampp\htdocs\argos_yii\framework\web\widgets\CActiveForm.php(562): activeLabelEx()
#1 C:\xampp\htdocs\argos_yii\protected\views\evaluacion\_form.php(30): CActiveForm->labelEx()
#2 C:\xampp\htdocs\argos_yii\framework\web\CBaseController.php(126): require()
#3 C:\xampp\htdocs\argos_yii\framework\web\CBaseController.php(95): EvaluacionController->renderInternal()
#4 C:\xampp\htdocs\argos_yii\framework\web\CController.php(869): EvaluacionController->renderFile()
#5 C:\xampp\htdocs\argos_yii\protected\views\evaluacion\create.php(18): EvaluacionController->renderPartial()
#6 C:\xampp\htdocs\argos_yii\framework\web\CBaseController.php(126): require()
#7 C:\xampp\htdocs\argos_yii\framework\web\CBaseController.php(95): EvaluacionController->renderInternal()
#8 C:\xampp\htdocs\argos_yii\framework\web\CController.php(869): EvaluacionController->renderFile()
#9 C:\xampp\htdocs\argos_yii\framework\web\CController.php(782): EvaluacionController->renderPartial()
#10 C:\xampp\htdocs\argos_yii\protected\controllers\EvaluacionController.php(82): EvaluacionController->render()
#11 C:\xampp\htdocs\argos_yii\framework\web\actions\CInlineAction.php(49): EvaluacionController->actionCreate()
#12 C:\xampp\htdocs\argos_yii\framework\web\CController.php(308): CInlineAction->runWithParams()
#13 C:\xampp\htdocs\argos_yii\framework\web\filters\CFilterChain.php(133): EvaluacionController->runAction()
#14 C:\xampp\htdocs\argos_yii\framework\web\filters\CFilter.php(40): CFilterChain->run()
#15 C:\xampp\htdocs\argos_yii\framework\web\CController.php(1145): CAccessControlFilter->filter()
#16 C:\xampp\htdocs\argos_yii\framework\web\filters\CInlineFilter.php(58): EvaluacionController->filterAccessControl()
#17 C:\xampp\htdocs\argos_yii\framework\web\filters\CFilterChain.php(130): CInlineFilter->filter()
#18 C:\xampp\htdocs\argos_yii\framework\web\CController.php(291): CFilterChain->run()
#19 C:\xampp\htdocs\argos_yii\framework\web\CController.php(265): EvaluacionController->runActionWithFilters()
#20 C:\xampp\htdocs\argos_yii\framework\web\CWebApplication.php(282): EvaluacionController->run()
#21 C:\xampp\htdocs\argos_yii\framework\web\CWebApplication.php(141): CWebApplication->runController()
#22 C:\xampp\htdocs\argos_yii\framework\base\CApplication.php(169): CWebApplication->processRequest()
#23 C:\xampp\htdocs\argos_yii\index.php(13): CWebApplication->run()
REQUEST_URI=/argos_yii/evaluacion/create
in C:\xampp\htdocs\argos_yii\protected\views\evaluacion\_form.php (30)
in C:\xampp\htdocs\argos_yii\protected\views\evaluacion\create.php (18)
in C:\xampp\htdocs\argos_yii\protected\controllers\EvaluacionController.php (82)
2014/08/16 04:49:40 [error] [php] get_class() expects parameter 1 to be object, integer given (C:\xampp\htdocs\argos_yii\framework\web\helpers\CHtml.php:2220)
Stack trace:
#0 C:\xampp\htdocs\argos_yii\framework\web\widgets\CActiveForm.php(562): activeLabelEx()
#1 C:\xampp\htdocs\argos_yii\protected\views\evaluacion\_form.php(30): CActiveForm->labelEx()
#2 C:\xampp\htdocs\argos_yii\framework\web\CBaseController.php(126): require()
#3 C:\xampp\htdocs\argos_yii\framework\web\CBaseController.php(95): EvaluacionController->renderInternal()
#4 C:\xampp\htdocs\argos_yii\framework\web\CController.php(869): EvaluacionController->renderFile()
#5 C:\xampp\htdocs\argos_yii\protected\views\evaluacion\create.php(18): EvaluacionController->renderPartial()
#6 C:\xampp\htdocs\argos_yii\framework\web\CBaseController.php(126): require()
#7 C:\xampp\htdocs\argos_yii\framework\web\CBaseController.php(95): EvaluacionController->renderInternal()
#8 C:\xampp\htdocs\argos_yii\framework\web\CController.php(869): EvaluacionController->renderFile()
#9 C:\xampp\htdocs\argos_yii\framework\web\CController.php(782): EvaluacionController->renderPartial()
#10 C:\xampp\htdocs\argos_yii\protected\controllers\EvaluacionController.php(82): EvaluacionController->render()
#11 C:\xampp\htdocs\argos_yii\framework\web\actions\CInlineAction.php(49): EvaluacionController->actionCreate()
#12 C:\xampp\htdocs\argos_yii\framework\web\CController.php(308): CInlineAction->runWithParams()
#13 C:\xampp\htdocs\argos_yii\framework\web\filters\CFilterChain.php(133): EvaluacionController->runAction()
#14 C:\xampp\htdocs\argos_yii\framework\web\filters\CFilter.php(40): CFilterChain->run()
#15 C:\xampp\htdocs\argos_yii\framework\web\CController.php(1145): CAccessControlFilter->filter()
#16 C:\xampp\htdocs\argos_yii\framework\web\filters\CInlineFilter.php(58): EvaluacionController->filterAccessControl()
#17 C:\xampp\htdocs\argos_yii\framework\web\filters\CFilterChain.php(130): CInlineFilter->filter()
#18 C:\xampp\htdocs\argos_yii\framework\web\CController.php(291): CFilterChain->run()
#19 C:\xampp\htdocs\argos_yii\framework\web\CController.php(265): EvaluacionController->runActionWithFilters()
#20 C:\xampp\htdocs\argos_yii\framework\web\CWebApplication.php(282): EvaluacionController->run()
#21 C:\xampp\htdocs\argos_yii\framework\web\CWebApplication.php(141): CWebApplication->runController()
#22 C:\xampp\htdocs\argos_yii\framework\base\CApplication.php(169): CWebApplication->processRequest()
#23 C:\xampp\htdocs\argos_yii\index.php(13): CWebApplication->run()
REQUEST_URI=/argos_yii/evaluacion/create
in C:\xampp\htdocs\argos_yii\protected\views\evaluacion\_form.php (30)
in C:\xampp\htdocs\argos_yii\protected\views\evaluacion\create.php (18)
in C:\xampp\htdocs\argos_yii\protected\controllers\EvaluacionController.php (82)
2014/08/16 04:50:39 [error] [exception.CException] exception 'CException' with message 'Propiedad "Curso"."idClase" no se encuentra definida.' in C:\xampp\htdocs\argos_yii\framework\base\CComponent.php:130
Stack trace:
#0 C:\xampp\htdocs\argos_yii\framework\db\ar\CActiveRecord.php(143): CComponent->__get('idClase')
#1 C:\xampp\htdocs\argos_yii\framework\base\CModel.php(595): CActiveRecord->__get('idClase')
#2 C:\xampp\htdocs\argos_yii\protected\controllers\EvaluacionController.php(210): CModel->offsetGet('idClase')
#3 C:\xampp\htdocs\argos_yii\framework\web\actions\CInlineAction.php(49): EvaluacionController->actionLoadcursos()
#4 C:\xampp\htdocs\argos_yii\framework\web\CController.php(308): CInlineAction->runWithParams(Array)
#5 C:\xampp\htdocs\argos_yii\framework\web\filters\CFilterChain.php(133): CController->runAction(Object(CInlineAction))
#6 C:\xampp\htdocs\argos_yii\framework\web\filters\CFilter.php(40): CFilterChain->run()
#7 C:\xampp\htdocs\argos_yii\framework\web\CController.php(1145): CFilter->filter(Object(CFilterChain))
#8 C:\xampp\htdocs\argos_yii\framework\web\filters\CInlineFilter.php(58): CController->filterAccessControl(Object(CFilterChain))
#9 C:\xampp\htdocs\argos_yii\framework\web\filters\CFilterChain.php(130): CInlineFilter->filter(Object(CFilterChain))
#10 C:\xampp\htdocs\argos_yii\framework\web\CController.php(291): CFilterChain->run()
#11 C:\xampp\htdocs\argos_yii\framework\web\CController.php(265): CController->runActionWithFilters(Object(CInlineAction), Array)
#12 C:\xampp\htdocs\argos_yii\framework\web\CWebApplication.php(282): CController->run('loadcursos')
#13 C:\xampp\htdocs\argos_yii\framework\web\CWebApplication.php(141): CWebApplication->runController('Evaluacion/load...')
#14 C:\xampp\htdocs\argos_yii\framework\base\CApplication.php(169): CWebApplication->processRequest()
#15 C:\xampp\htdocs\argos_yii\index.php(13): CApplication->run()
#16 {main}
REQUEST_URI=/argos_yii/Evaluacion/loadcursos
HTTP_REFERER=http://localhost/argos_yii/evaluacion/create
---
2014/08/16 04:51:04 [error] [exception.CException] exception 'CException' with message 'Propiedad "Curso"."idClase" no se encuentra definida.' in C:\xampp\htdocs\argos_yii\framework\base\CComponent.php:130
Stack trace:
#0 C:\xampp\htdocs\argos_yii\framework\db\ar\CActiveRecord.php(143): CComponent->__get('idClase')
#1 C:\xampp\htdocs\argos_yii\framework\base\CModel.php(595): CActiveRecord->__get('idClase')
#2 C:\xampp\htdocs\argos_yii\protected\controllers\EvaluacionController.php(210): CModel->offsetGet('idClase')
#3 C:\xampp\htdocs\argos_yii\framework\web\actions\CInlineAction.php(49): EvaluacionController->actionLoadcursos()
#4 C:\xampp\htdocs\argos_yii\framework\web\CController.php(308): CInlineAction->runWithParams(Array)
#5 C:\xampp\htdocs\argos_yii\framework\web\filters\CFilterChain.php(133): CController->runAction(Object(CInlineAction))
#6 C:\xampp\htdocs\argos_yii\framework\web\filters\CFilter.php(40): CFilterChain->run()
#7 C:\xampp\htdocs\argos_yii\framework\web\CController.php(1145): CFilter->filter(Object(CFilterChain))
#8 C:\xampp\htdocs\argos_yii\framework\web\filters\CInlineFilter.php(58): CController->filterAccessControl(Object(CFilterChain))
#9 C:\xampp\htdocs\argos_yii\framework\web\filters\CFilterChain.php(130): CInlineFilter->filter(Object(CFilterChain))
#10 C:\xampp\htdocs\argos_yii\framework\web\CController.php(291): CFilterChain->run()
#11 C:\xampp\htdocs\argos_yii\framework\web\CController.php(265): CController->runActionWithFilters(Object(CInlineAction), Array)
#12 C:\xampp\htdocs\argos_yii\framework\web\CWebApplication.php(282): CController->run('loadcursos')
#13 C:\xampp\htdocs\argos_yii\framework\web\CWebApplication.php(141): CWebApplication->runController('Evaluacion/load...')
#14 C:\xampp\htdocs\argos_yii\framework\base\CApplication.php(169): CWebApplication->processRequest()
#15 C:\xampp\htdocs\argos_yii\index.php(13): CApplication->run()
#16 {main}
REQUEST_URI=/argos_yii/Evaluacion/loadcursos
HTTP_REFERER=http://localhost/argos_yii/evaluacion/create
---
2014/08/16 04:51:10 [error] [exception.CException] exception 'CException' with message 'Propiedad "Curso"."idClase" no se encuentra definida.' in C:\xampp\htdocs\argos_yii\framework\base\CComponent.php:130
Stack trace:
#0 C:\xampp\htdocs\argos_yii\framework\db\ar\CActiveRecord.php(143): CComponent->__get('idClase')
#1 C:\xampp\htdocs\argos_yii\framework\base\CModel.php(595): CActiveRecord->__get('idClase')
#2 C:\xampp\htdocs\argos_yii\protected\controllers\EvaluacionController.php(210): CModel->offsetGet('idClase')
#3 C:\xampp\htdocs\argos_yii\framework\web\actions\CInlineAction.php(49): EvaluacionController->actionLoadcursos()
#4 C:\xampp\htdocs\argos_yii\framework\web\CController.php(308): CInlineAction->runWithParams(Array)
#5 C:\xampp\htdocs\argos_yii\framework\web\filters\CFilterChain.php(133): CController->runAction(Object(CInlineAction))
#6 C:\xampp\htdocs\argos_yii\framework\web\filters\CFilter.php(40): CFilterChain->run()
#7 C:\xampp\htdocs\argos_yii\framework\web\CController.php(1145): CFilter->filter(Object(CFilterChain))
#8 C:\xampp\htdocs\argos_yii\framework\web\filters\CInlineFilter.php(58): CController->filterAccessControl(Object(CFilterChain))
#9 C:\xampp\htdocs\argos_yii\framework\web\filters\CFilterChain.php(130): CInlineFilter->filter(Object(CFilterChain))
#10 C:\xampp\htdocs\argos_yii\framework\web\CController.php(291): CFilterChain->run()
#11 C:\xampp\htdocs\argos_yii\framework\web\CController.php(265): CController->runActionWithFilters(Object(CInlineAction), Array)
#12 C:\xampp\htdocs\argos_yii\framework\web\CWebApplication.php(282): CController->run('loadcursos')
#13 C:\xampp\htdocs\argos_yii\framework\web\CWebApplication.php(141): CWebApplication->runController('Evaluacion/load...')
#14 C:\xampp\htdocs\argos_yii\framework\base\CApplication.php(169): CWebApplication->processRequest()
#15 C:\xampp\htdocs\argos_yii\index.php(13): CApplication->run()
#16 {main}
REQUEST_URI=/argos_yii/Evaluacion/loadcursos
HTTP_REFERER=http://localhost/argos_yii/evaluacion/create
---
2014/08/16 04:51:27 [error] [exception.CException] exception 'CException' with message 'Propiedad "Curso"."idClase" no se encuentra definida.' in C:\xampp\htdocs\argos_yii\framework\base\CComponent.php:130
Stack trace:
#0 C:\xampp\htdocs\argos_yii\framework\db\ar\CActiveRecord.php(143): CComponent->__get('idClase')
#1 C:\xampp\htdocs\argos_yii\framework\base\CModel.php(595): CActiveRecord->__get('idClase')
#2 C:\xampp\htdocs\argos_yii\protected\controllers\EvaluacionController.php(210): CModel->offsetGet('idClase')
#3 C:\xampp\htdocs\argos_yii\framework\web\actions\CInlineAction.php(49): EvaluacionController->actionLoadcursos()
#4 C:\xampp\htdocs\argos_yii\framework\web\CController.php(308): CInlineAction->runWithParams(Array)
#5 C:\xampp\htdocs\argos_yii\framework\web\filters\CFilterChain.php(133): CController->runAction(Object(CInlineAction))
#6 C:\xampp\htdocs\argos_yii\framework\web\filters\CFilter.php(40): CFilterChain->run()
#7 C:\xampp\htdocs\argos_yii\framework\web\CController.php(1145): CFilter->filter(Object(CFilterChain))
#8 C:\xampp\htdocs\argos_yii\framework\web\filters\CInlineFilter.php(58): CController->filterAccessControl(Object(CFilterChain))
#9 C:\xampp\htdocs\argos_yii\framework\web\filters\CFilterChain.php(130): CInlineFilter->filter(Object(CFilterChain))
#10 C:\xampp\htdocs\argos_yii\framework\web\CController.php(291): CFilterChain->run()
#11 C:\xampp\htdocs\argos_yii\framework\web\CController.php(265): CController->runActionWithFilters(Object(CInlineAction), Array)
#12 C:\xampp\htdocs\argos_yii\framework\web\CWebApplication.php(282): CController->run('loadcursos')
#13 C:\xampp\htdocs\argos_yii\framework\web\CWebApplication.php(141): CWebApplication->runController('Evaluacion/load...')
#14 C:\xampp\htdocs\argos_yii\framework\base\CApplication.php(169): CWebApplication->processRequest()
#15 C:\xampp\htdocs\argos_yii\index.php(13): CApplication->run()
#16 {main}
REQUEST_URI=/argos_yii/Evaluacion/loadcursos
HTTP_REFERER=http://localhost/argos_yii/evaluacion/create
---
2014/08/16 04:53:30 [error] [exception.CException] exception 'CException' with message 'Propiedad "Curso"."idClase" no se encuentra definida.' in C:\xampp\htdocs\argos_yii\framework\base\CComponent.php:130
Stack trace:
#0 C:\xampp\htdocs\argos_yii\framework\db\ar\CActiveRecord.php(143): CComponent->__get('idClase')
#1 C:\xampp\htdocs\argos_yii\framework\base\CModel.php(595): CActiveRecord->__get('idClase')
#2 C:\xampp\htdocs\argos_yii\protected\controllers\EvaluacionController.php(210): CModel->offsetGet('idClase')
#3 C:\xampp\htdocs\argos_yii\framework\web\actions\CInlineAction.php(49): EvaluacionController->actionLoadcursos()
#4 C:\xampp\htdocs\argos_yii\framework\web\CController.php(308): CInlineAction->runWithParams(Array)
#5 C:\xampp\htdocs\argos_yii\framework\web\filters\CFilterChain.php(133): CController->runAction(Object(CInlineAction))
#6 C:\xampp\htdocs\argos_yii\framework\web\filters\CFilter.php(40): CFilterChain->run()
#7 C:\xampp\htdocs\argos_yii\framework\web\CController.php(1145): CFilter->filter(Object(CFilterChain))
#8 C:\xampp\htdocs\argos_yii\framework\web\filters\CInlineFilter.php(58): CController->filterAccessControl(Object(CFilterChain))
#9 C:\xampp\htdocs\argos_yii\framework\web\filters\CFilterChain.php(130): CInlineFilter->filter(Object(CFilterChain))
#10 C:\xampp\htdocs\argos_yii\framework\web\CController.php(291): CFilterChain->run()
#11 C:\xampp\htdocs\argos_yii\framework\web\CController.php(265): CController->runActionWithFilters(Object(CInlineAction), Array)
#12 C:\xampp\htdocs\argos_yii\framework\web\CWebApplication.php(282): CController->run('loadcursos')
#13 C:\xampp\htdocs\argos_yii\framework\web\CWebApplication.php(141): CWebApplication->runController('Evaluacion/load...')
#14 C:\xampp\htdocs\argos_yii\framework\base\CApplication.php(169): CWebApplication->processRequest()
#15 C:\xampp\htdocs\argos_yii\index.php(13): CApplication->run()
#16 {main}
REQUEST_URI=/argos_yii/Evaluacion/loadcursos
HTTP_REFERER=http://localhost/argos_yii/evaluacion/create
---
